<?xml version="1.0" encoding="UTF-8"?>
<testng-results skipped="0" failed="1" ignored="0" total="2" passed="1">
  <reporter-output>
  </reporter-output>
  <suite name="Suite" duration-ms="74637" started-at="2017-05-26T13:35:42Z" finished-at="2017-05-26T13:36:56Z">
    <groups>
    </groups>
    <test name="TestSiteColombia" duration-ms="21519" started-at="2017-05-26T13:35:42Z" finished-at="2017-05-26T13:36:03Z">
      <class name="com.decameron.BookSiteHotel">
        <test-method status="PASS" signature="beforeTest()[pri:0, instance:com.decameron.BookSiteHotel@59f99ea]" name="beforeTest" is-config="true" duration-ms="15632" started-at="2017-05-26T08:35:42Z" finished-at="2017-05-26T08:35:57Z">
          <reporter-output>
          </reporter-output>
        </test-method> <!-- beforeTest -->
        <test-method status="FAIL" signature="bookAHotel(java.lang.String, java.lang.String, java.lang.String, java.lang.String, int)[pri:0, instance:com.decameron.BookSiteHotel@59f99ea]" name="bookAHotel" duration-ms="4919" started-at="2017-05-26T08:35:57Z" finished-at="2017-05-26T08:36:02Z">
          <params>
            <param index="0">
              <value>
                <![CDATA[Bogota]]>
              </value>
            </param>
            <param index="1">
              <value>
                <![CDATA[Miss Mary]]>
              </value>
            </param>
            <param index="2">
              <value>
                <![CDATA[05/06/2017]]>
              </value>
            </param>
            <param index="3">
              <value>
                <![CDATA[09/06/2017]]>
              </value>
            </param>
            <param index="4">
              <value>
                <![CDATA[5]]>
              </value>
            </param>
          </params>
          <exception class="java.lang.AssertionError">
            <message>
              <![CDATA[This is an incorrect adult number expected [true] but found [false]]]>
            </message>
            <full-stacktrace>
              <![CDATA[java.lang.AssertionError: This is an incorrect adult number expected [true] but found [false]
	at org.testng.Assert.fail(Assert.java:93)
	at org.testng.Assert.failNotEquals(Assert.java:512)
	at org.testng.Assert.assertTrue(Assert.java:41)
	at com.decameron.BookSiteHotel.bookAHotel(BookSiteHotel.java:28)
	at sun.reflect.NativeMethodAccessorImpl.invoke0(Native Method)
	at sun.reflect.NativeMethodAccessorImpl.invoke(Unknown Source)
	at sun.reflect.DelegatingMethodAccessorImpl.invoke(Unknown Source)
	at java.lang.reflect.Method.invoke(Unknown Source)
	at org.testng.internal.MethodInvocationHelper.invokeMethod(MethodInvocationHelper.java:108)
	at org.testng.internal.Invoker.invokeMethod(Invoker.java:661)
	at org.testng.internal.Invoker.invokeTestMethod(Invoker.java:869)
	at org.testng.internal.Invoker.invokeTestMethods(Invoker.java:1193)
	at org.testng.internal.TestMethodWorker.invokeTestMethods(TestMethodWorker.java:126)
	at org.testng.internal.TestMethodWorker.run(TestMethodWorker.java:109)
	at org.testng.TestRunner.privateRun(TestRunner.java:744)
	at org.testng.TestRunner.run(TestRunner.java:602)
	at org.testng.SuiteRunner.runTest(SuiteRunner.java:380)
	at org.testng.SuiteRunner.runSequentially(SuiteRunner.java:375)
	at org.testng.SuiteRunner.privateRun(SuiteRunner.java:340)
	at org.testng.SuiteRunner.run(SuiteRunner.java:289)
	at org.testng.SuiteRunnerWorker.runSuite(SuiteRunnerWorker.java:52)
	at org.testng.SuiteRunnerWorker.run(SuiteRunnerWorker.java:86)
	at org.testng.TestNG.runSuitesSequentially(TestNG.java:1301)
	at org.testng.TestNG.runSuitesLocally(TestNG.java:1226)
	at org.testng.TestNG.runSuites(TestNG.java:1144)
	at org.testng.TestNG.run(TestNG.java:1115)
	at org.testng.remote.AbstractRemoteTestNG.run(AbstractRemoteTestNG.java:132)
	at org.testng.remote.RemoteTestNG.initAndRun(RemoteTestNG.java:230)
	at org.testng.remote.RemoteTestNG.main(RemoteTestNG.java:76)
]]>
            </full-stacktrace>
          </exception> <!-- java.lang.AssertionError -->
          <reporter-output>
          </reporter-output>
        </test-method> <!-- bookAHotel -->
        <test-method status="PASS" signature="afterTest()[pri:0, instance:com.decameron.BookSiteHotel@59f99ea]" name="afterTest" is-config="true" duration-ms="945" started-at="2017-05-26T08:36:02Z" finished-at="2017-05-26T08:36:03Z">
          <reporter-output>
          </reporter-output>
        </test-method> <!-- afterTest -->
      </class> <!-- com.decameron.BookSiteHotel -->
    </test> <!-- TestSiteColombia -->
    <test name="TestSiteColombiaDos" duration-ms="53089" started-at="2017-05-26T13:36:03Z" finished-at="2017-05-26T13:36:56Z">
      <class name="com.decameron.BookSiteHotel">
        <test-method status="PASS" signature="beforeTest()[pri:0, instance:com.decameron.BookSiteHotel@77cd7a0]" name="beforeTest" is-config="true" duration-ms="17014" started-at="2017-05-26T08:36:03Z" finished-at="2017-05-26T08:36:20Z">
          <reporter-output>
          </reporter-output>
        </test-method> <!-- beforeTest -->
        <test-method status="PASS" signature="bookAHotel(java.lang.String, java.lang.String, java.lang.String, java.lang.String, int)[pri:0, instance:com.decameron.BookSiteHotel@77cd7a0]" name="bookAHotel" duration-ms="35221" started-at="2017-05-26T08:36:20Z" finished-at="2017-05-26T08:36:56Z">
          <params>
            <param index="0">
              <value>
                <![CDATA[Bogota]]>
              </value>
            </param>
            <param index="1">
              <value>
                <![CDATA[Miss Mary]]>
              </value>
            </param>
            <param index="2">
              <value>
                <![CDATA[05/06/2017]]>
              </value>
            </param>
            <param index="3">
              <value>
                <![CDATA[09/06/2017]]>
              </value>
            </param>
            <param index="4">
              <value>
                <![CDATA[2]]>
              </value>
            </param>
          </params>
          <reporter-output>
          </reporter-output>
        </test-method> <!-- bookAHotel -->
        <test-method status="PASS" signature="afterTest()[pri:0, instance:com.decameron.BookSiteHotel@77cd7a0]" name="afterTest" is-config="true" duration-ms="849" started-at="2017-05-26T08:36:56Z" finished-at="2017-05-26T08:36:56Z">
          <reporter-output>
          </reporter-output>
        </test-method> <!-- afterTest -->
      </class> <!-- com.decameron.BookSiteHotel -->
    </test> <!-- TestSiteColombiaDos -->
  </suite> <!-- Suite -->
</testng-results>
